ERROR - 2024-11-14 17:51:57 --> mysqli_sql_exception: Unknown column 'pt.type' in 'field list' in C:\xampp\htdocs\socialMediaTest\system\Database\MySQLi\Connection.php:312
Stack trace:
#0 C:\xampp\htdocs\socialMediaTest\system\Database\MySQLi\Connection.php(312): mysqli->query('SELECT `p`.`id`...', 0)
#1 C:\xampp\htdocs\socialMediaTest\system\Database\BaseConnection.php(734): CodeIgniter\Database\MySQLi\Connection->execute('SELECT `p`.`id`...')
#2 C:\xampp\htdocs\socialMediaTest\system\Database\BaseConnection.php(648): CodeIgniter\Database\BaseConnection->simpleQuery('SELECT `p`.`id`...')
#3 C:\xampp\htdocs\socialMediaTest\system\Database\BaseBuilder.php(1644): CodeIgniter\Database\BaseConnection->query('SELECT `p`.`id`...', Array, false)
#4 C:\xampp\htdocs\socialMediaTest\app\Models\PostModel.php(35): CodeIgniter\Database\BaseBuilder->get()
#5 C:\xampp\htdocs\socialMediaTest\app\Controllers\FeedController.php(19): App\Models\PostModel->getPosts()
#6 C:\xampp\htdocs\socialMediaTest\system\CodeIgniter.php(933): App\Controllers\FeedController->feed()
#7 C:\xampp\htdocs\socialMediaTest\system\CodeIgniter.php(509): CodeIgniter\CodeIgniter->runController(Object(App\Controllers\FeedController))
#8 C:\xampp\htdocs\socialMediaTest\system\CodeIgniter.php(355): CodeIgniter\CodeIgniter->handleRequest(NULL, Object(Config\Cache), false)
#9 C:\xampp\htdocs\socialMediaTest\system\Boot.php(325): CodeIgniter\CodeIgniter->run()
#10 C:\xampp\htdocs\socialMediaTest\system\Boot.php(67): CodeIgniter\Boot::runCodeIgniter(Object(CodeIgniter\CodeIgniter))
#11 C:\xampp\htdocs\socialMediaTest\public\index.php(56): CodeIgniter\Boot::bootWeb(Object(Config\Paths))
#12 C:\xampp\htdocs\socialMediaTest\system\rewrite.php(44): require_once('C:\\xampp\\htdocs...')
#13 {main}
CRITICAL - 2024-11-14 17:51:57 --> CodeIgniter\Database\Exceptions\DatabaseException: Unknown column 'pt.type' in 'field list'
[Method: GET, Route: feed]
in SYSTEMPATH\Database\BaseConnection.php on line 688.
 1 SYSTEMPATH\Database\BaseBuilder.php(1644): CodeIgniter\Database\BaseConnection->query('SELECT `p`.`id`, `pt`.`type`, `pm`.`title`, `pm`.`description`, `u`.`username`, (SELECT COUNT(*) FROM likes WHERE post_id = p.id) AS likes_count, (SELECT COUNT(*) FROM comments WHERE post_id = p.id) AS comments_count
FROM `posts` `p`
JOIN `posts_meta` `pm` ON `p`.`id` = `pm`.`post_id`
JOIN `post_type` `pt` ON `p`.`type` = `pt`.`id`
JOIN `users` `u` ON `p`.`user_id` = `u`.`id`
WHERE `p`.`deleted` = :p.deleted:
ORDER BY `p`.`created_at` DESC', [...], false)
 2 APPPATH\Models\PostModel.php(35): CodeIgniter\Database\BaseBuilder->get()
 3 APPPATH\Controllers\FeedController.php(19): App\Models\PostModel->getPosts()
 4 SYSTEMPATH\CodeIgniter.php(933): App\Controllers\FeedController->feed()
 5 SYSTEMPATH\CodeIgniter.php(509): CodeIgniter\CodeIgniter->runController(Object(App\Controllers\FeedController))
 6 SYSTEMPATH\CodeIgniter.php(355): CodeIgniter\CodeIgniter->handleRequest(null, Object(Config\Cache), false)
 7 SYSTEMPATH\Boot.php(325): CodeIgniter\CodeIgniter->run()
 8 SYSTEMPATH\Boot.php(67): CodeIgniter\Boot::runCodeIgniter(Object(CodeIgniter\CodeIgniter))
 9 FCPATH\index.php(56): CodeIgniter\Boot::bootWeb(Object(Config\Paths))
10 SYSTEMPATH\rewrite.php(44): require_once('C:\\xampp\\htdocs\\socialMediaTest\\public\\index.php')
CRITICAL - 2024-11-14 17:51:57 --> [Caused by] CodeIgniter\Database\Exceptions\DatabaseException: Unknown column 'pt.type' in 'field list'
in SYSTEMPATH\Database\MySQLi\Connection.php on line 317.
 1 SYSTEMPATH\Database\BaseConnection.php(734): CodeIgniter\Database\MySQLi\Connection->execute('SELECT `p`.`id`, `pt`.`type`, `pm`.`title`, `pm`.`description`, `u`.`username`, (SELECT COUNT(*) FROM likes WHERE post_id = p.id) AS likes_count, (SELECT COUNT(*) FROM comments WHERE post_id = p.id) AS comments_count
FROM `posts` `p`
JOIN `posts_meta` `pm` ON `p`.`id` = `pm`.`post_id`
JOIN `post_type` `pt` ON `p`.`type` = `pt`.`id`
JOIN `users` `u` ON `p`.`user_id` = `u`.`id`
WHERE `p`.`deleted` = 0
ORDER BY `p`.`created_at` DESC')
 2 SYSTEMPATH\Database\BaseConnection.php(648): CodeIgniter\Database\BaseConnection->simpleQuery('SELECT `p`.`id`, `pt`.`type`, `pm`.`title`, `pm`.`description`, `u`.`username`, (SELECT COUNT(*) FROM likes WHERE post_id = p.id) AS likes_count, (SELECT COUNT(*) FROM comments WHERE post_id = p.id) AS comments_count
FROM `posts` `p`
JOIN `posts_meta` `pm` ON `p`.`id` = `pm`.`post_id`
JOIN `post_type` `pt` ON `p`.`type` = `pt`.`id`
JOIN `users` `u` ON `p`.`user_id` = `u`.`id`
WHERE `p`.`deleted` = 0
ORDER BY `p`.`created_at` DESC')
 3 SYSTEMPATH\Database\BaseBuilder.php(1644): CodeIgniter\Database\BaseConnection->query('SELECT `p`.`id`, `pt`.`type`, `pm`.`title`, `pm`.`description`, `u`.`username`, (SELECT COUNT(*) FROM likes WHERE post_id = p.id) AS likes_count, (SELECT COUNT(*) FROM comments WHERE post_id = p.id) AS comments_count
FROM `posts` `p`
JOIN `posts_meta` `pm` ON `p`.`id` = `pm`.`post_id`
JOIN `post_type` `pt` ON `p`.`type` = `pt`.`id`
JOIN `users` `u` ON `p`.`user_id` = `u`.`id`
WHERE `p`.`deleted` = :p.deleted:
ORDER BY `p`.`created_at` DESC', [...], false)
 4 APPPATH\Models\PostModel.php(35): CodeIgniter\Database\BaseBuilder->get()
 5 APPPATH\Controllers\FeedController.php(19): App\Models\PostModel->getPosts()
 6 SYSTEMPATH\CodeIgniter.php(933): App\Controllers\FeedController->feed()
 7 SYSTEMPATH\CodeIgniter.php(509): CodeIgniter\CodeIgniter->runController(Object(App\Controllers\FeedController))
 8 SYSTEMPATH\CodeIgniter.php(355): CodeIgniter\CodeIgniter->handleRequest(null, Object(Config\Cache), false)
 9 SYSTEMPATH\Boot.php(325): CodeIgniter\CodeIgniter->run()
10 SYSTEMPATH\Boot.php(67): CodeIgniter\Boot::runCodeIgniter(Object(CodeIgniter\CodeIgniter))
11 FCPATH\index.php(56): CodeIgniter\Boot::bootWeb(Object(Config\Paths))
12 SYSTEMPATH\rewrite.php(44): require_once('C:\\xampp\\htdocs\\socialMediaTest\\public\\index.php')
CRITICAL - 2024-11-14 17:51:57 --> [Caused by] mysqli_sql_exception: Unknown column 'pt.type' in 'field list'
in SYSTEMPATH\Database\MySQLi\Connection.php on line 312.
 1 SYSTEMPATH\Database\MySQLi\Connection.php(312): mysqli->query('SELECT `p`.`id`, `pt`.`type`, `pm`.`title`, `pm`.`description`, `u`.`username`, (SELECT COUNT(*) FROM likes WHERE post_id = p.id) AS likes_count, (SELECT COUNT(*) FROM comments WHERE post_id = p.id) AS comments_count
FROM `posts` `p`
JOIN `posts_meta` `pm` ON `p`.`id` = `pm`.`post_id`
JOIN `post_type` `pt` ON `p`.`type` = `pt`.`id`
JOIN `users` `u` ON `p`.`user_id` = `u`.`id`
WHERE `p`.`deleted` = 0
ORDER BY `p`.`created_at` DESC', 0)
 2 SYSTEMPATH\Database\BaseConnection.php(734): CodeIgniter\Database\MySQLi\Connection->execute('SELECT `p`.`id`, `pt`.`type`, `pm`.`title`, `pm`.`description`, `u`.`username`, (SELECT COUNT(*) FROM likes WHERE post_id = p.id) AS likes_count, (SELECT COUNT(*) FROM comments WHERE post_id = p.id) AS comments_count
FROM `posts` `p`
JOIN `posts_meta` `pm` ON `p`.`id` = `pm`.`post_id`
JOIN `post_type` `pt` ON `p`.`type` = `pt`.`id`
JOIN `users` `u` ON `p`.`user_id` = `u`.`id`
WHERE `p`.`deleted` = 0
ORDER BY `p`.`created_at` DESC')
 3 SYSTEMPATH\Database\BaseConnection.php(648): CodeIgniter\Database\BaseConnection->simpleQuery('SELECT `p`.`id`, `pt`.`type`, `pm`.`title`, `pm`.`description`, `u`.`username`, (SELECT COUNT(*) FROM likes WHERE post_id = p.id) AS likes_count, (SELECT COUNT(*) FROM comments WHERE post_id = p.id) AS comments_count
FROM `posts` `p`
JOIN `posts_meta` `pm` ON `p`.`id` = `pm`.`post_id`
JOIN `post_type` `pt` ON `p`.`type` = `pt`.`id`
JOIN `users` `u` ON `p`.`user_id` = `u`.`id`
WHERE `p`.`deleted` = 0
ORDER BY `p`.`created_at` DESC')
 4 SYSTEMPATH\Database\BaseBuilder.php(1644): CodeIgniter\Database\BaseConnection->query('SELECT `p`.`id`, `pt`.`type`, `pm`.`title`, `pm`.`description`, `u`.`username`, (SELECT COUNT(*) FROM likes WHERE post_id = p.id) AS likes_count, (SELECT COUNT(*) FROM comments WHERE post_id = p.id) AS comments_count
FROM `posts` `p`
JOIN `posts_meta` `pm` ON `p`.`id` = `pm`.`post_id`
JOIN `post_type` `pt` ON `p`.`type` = `pt`.`id`
JOIN `users` `u` ON `p`.`user_id` = `u`.`id`
WHERE `p`.`deleted` = :p.deleted:
ORDER BY `p`.`created_at` DESC', [...], false)
 5 APPPATH\Models\PostModel.php(35): CodeIgniter\Database\BaseBuilder->get()
 6 APPPATH\Controllers\FeedController.php(19): App\Models\PostModel->getPosts()
 7 SYSTEMPATH\CodeIgniter.php(933): App\Controllers\FeedController->feed()
 8 SYSTEMPATH\CodeIgniter.php(509): CodeIgniter\CodeIgniter->runController(Object(App\Controllers\FeedController))
 9 SYSTEMPATH\CodeIgniter.php(355): CodeIgniter\CodeIgniter->handleRequest(null, Object(Config\Cache), false)
10 SYSTEMPATH\Boot.php(325): CodeIgniter\CodeIgniter->run()
11 SYSTEMPATH\Boot.php(67): CodeIgniter\Boot::runCodeIgniter(Object(CodeIgniter\CodeIgniter))
12 FCPATH\index.php(56): CodeIgniter\Boot::bootWeb(Object(Config\Paths))
13 SYSTEMPATH\rewrite.php(44): require_once('C:\\xampp\\htdocs\\socialMediaTest\\public\\index.php')
